<?xml version="1.0" encoding="UTF-8"?>
<testsuite name="whiteship._enum.src.MainTest" tests="1" skipped="0" failures="0" errors="0" timestamp="2021-12-26T10:13:44" hostname="JaeHongui-MacBookAir.local" time="0.08">
  <properties/>
  <testcase name="value()" classname="whiteship._enum.src.MainTest" time="0.08"/>
  <system-out><![CDATA[]]></system-out>
  <system-err><![CDATA[]]></system-err>
</testsuite>
